This file contains any messages produced by compilers while
running configure, to aid debugging if configure makes a mistake.

It was created by FULL-PACKAGE-NAME configure VERSION, which was
generated by GNU Autoconf 2.69.  Invocation command line was

  $ ./configure 

## --------- ##
## Platform. ##
## --------- ##

hostname = Thomas-MacBook-Pro.local
uname -m = x86_64
uname -r = 17.5.0
uname -s = Darwin
uname -v = Darwin Kernel Version 17.5.0: Mon Mar  5 22:24:32 PST 2018; root:xnu-4570.51.1~1/RELEASE_X86_64

/usr/bin/uname -p = i386
/bin/uname -X     = unknown

/bin/arch              = unknown
/usr/bin/arch -k       = unknown
/usr/convex/getsysinfo = unknown
/usr/bin/hostinfo      = Mach kernel version:
	 Darwin Kernel Version 17.5.0: Mon Mar  5 22:24:32 PST 2018; root:xnu-4570.51.1~1/RELEASE_X86_64
Kernel configured for up to 4 processors.
2 processors are physically available.
4 processors are logically available.
Processor type: x86_64h (Intel x86-64h Haswell)
Processors active: 0 1 2 3
Primary memory available: 8.00 gigabytes
Default processor set: 323 tasks, 1252 threads, 4 processors
Load average: 1.67, Mach factor: 2.32
/bin/machine           = unknown
/usr/bin/oslevel       = unknown
/bin/universe          = unknown

PATH: /Users/thomas/.rvm/gems/ruby-2.4.2/bin
PATH: /Users/thomas/.rvm/gems/ruby-2.4.2@global/bin
PATH: /Users/thomas/.rvm/rubies/ruby-2.4.2/bin
PATH: /Users/thomas/anaconda/bin
PATH: /usr/local/bin
PATH: /usr/bin
PATH: /bin
PATH: /usr/sbin
PATH: /sbin
PATH: /usr/local/share/dotnet
PATH: /opt/X11/bin
PATH: /Library/Frameworks/Mono.framework/Versions/Current/Commands
PATH: /Users/thomas/.rvm/bin


## ----------- ##
## Core tests. ##
## ----------- ##

configure:2318: checking for a BSD-compatible install
configure:2386: result: /usr/local/bin/ginstall -c
configure:2397: checking whether build environment is sane
configure:2452: result: yes
configure:2603: checking for a thread-safe mkdir -p
configure:2642: result: /usr/local/bin/gmkdir -p
configure:2649: checking for gawk
configure:2679: result: no
configure:2649: checking for mawk
configure:2679: result: no
configure:2649: checking for nawk
configure:2679: result: no
configure:2649: checking for awk
configure:2665: found /usr/bin/awk
configure:2676: result: awk
configure:2687: checking whether make sets $(MAKE)
configure:2709: result: yes
configure:2738: checking whether make supports nested variables
configure:2755: result: yes
configure:2911: checking build system type
configure:2925: result: x86_64-apple-darwin17.5.0
configure:2945: checking host system type
configure:2958: result: x86_64-apple-darwin17.5.0
configure:2999: checking how to print strings
configure:3026: result: printf
configure:3059: checking for style of include used by make
configure:3087: result: GNU
configure:3158: checking for gcc
configure:3174: found /usr/bin/gcc
configure:3185: result: gcc
configure:3414: checking for C compiler version
configure:3423: gcc --version >&5
Apple LLVM version 9.0.0 (clang-900.0.39.2)
Target: x86_64-apple-darwin17.5.0
Thread model: posix
InstalledDir: /Applications/Xcode.app/Contents/Developer/Toolchains/XcodeDefault.xctoolchain/usr/bin
Configured with: --prefix=/Applications/Xcode.app/Contents/Developer/usr --with-gxx-include-dir=/usr/include/c++/4.2.1
configure:3434: $? = 0
configure:3423: gcc -v >&5
Configured with: --prefix=/Applications/Xcode.app/Contents/Developer/usr --with-gxx-include-dir=/usr/include/c++/4.2.1
Apple LLVM version 9.0.0 (clang-900.0.39.2)
Target: x86_64-apple-darwin17.5.0
Thread model: posix
InstalledDir: /Applications/Xcode.app/Contents/Developer/Toolchains/XcodeDefault.xctoolchain/usr/bin
configure:3434: $? = 0
configure:3423: gcc -V >&5
clang: error: argument to '-V' is missing (expected 1 value)
clang: error: no input files
configure:3434: $? = 1
configure:3423: gcc -qversion >&5
clang: error: unknown argument: '-qversion'
clang: error: no input files
configure:3434: $? = 1
configure:3454: checking whether the C compiler works
configure:3476: gcc    conftest.c  >&5
configure:3480: $? = 0
configure:3528: result: yes
configure:3531: checking for C compiler default output file name
configure:3533: result: a.out
configure:3539: checking for suffix of executables
configure:3546: gcc -o conftest    conftest.c  >&5
configure:3550: $? = 0
configure:3572: result: 
configure:3594: checking whether we are cross compiling
configure:3602: gcc -o conftest    conftest.c  >&5
configure:3606: $? = 0
configure:3613: ./conftest
configure:3617: $? = 0
configure:3632: result: no
configure:3637: checking for suffix of object files
configure:3659: gcc -c   conftest.c >&5
configure:3663: $? = 0
configure:3684: result: o
configure:3688: checking whether we are using the GNU C compiler
configure:3707: gcc -c   conftest.c >&5
configure:3707: $? = 0
configure:3716: result: yes
configure:3725: checking whether gcc accepts -g
configure:3745: gcc -c -g  conftest.c >&5
configure:3745: $? = 0
configure:3786: result: yes
configure:3803: checking for gcc option to accept ISO C89
configure:3866: gcc  -c -g -O2  conftest.c >&5
configure:3866: $? = 0
configure:3879: result: none needed
configure:3904: checking whether gcc understands -c and -o together
configure:3926: gcc -c conftest.c -o conftest2.o
configure:3929: $? = 0
configure:3926: gcc -c conftest.c -o conftest2.o
configure:3929: $? = 0
configure:3941: result: yes
configure:3960: checking dependency style of gcc
configure:4071: result: gcc3
configure:4086: checking for a sed that does not truncate output
configure:4150: result: /usr/bin/sed
configure:4168: checking for grep that handles long lines and -e
configure:4226: result: /usr/bin/grep
configure:4231: checking for egrep
configure:4293: result: /usr/bin/grep -E
configure:4298: checking for fgrep
configure:4360: result: /usr/bin/grep -F
configure:4395: checking for ld used by gcc
configure:4462: result: /Applications/Xcode.app/Contents/Developer/Toolchains/XcodeDefault.xctoolchain/usr/bin/ld
configure:4469: checking if the linker (/Applications/Xcode.app/Contents/Developer/Toolchains/XcodeDefault.xctoolchain/usr/bin/ld) is GNU ld
configure:4484: result: no
configure:4496: checking for BSD- or MS-compatible name lister (nm)
configure:4550: result: /usr/bin/nm -B
configure:4680: checking the name lister (/usr/bin/nm -B) interface
configure:4687: gcc -c -g -O2  conftest.c >&5
configure:4690: /usr/bin/nm -B "conftest.o"
configure:4693: output
00000000000001f4 S _some_variable
configure:4700: result: BSD nm
configure:4703: checking whether ln -s works
configure:4707: result: yes
configure:4715: checking the maximum length of command line arguments
configure:4846: result: 196608
configure:4894: checking how to convert x86_64-apple-darwin17.5.0 file names to x86_64-apple-darwin17.5.0 format
configure:4934: result: func_convert_file_noop
configure:4941: checking how to convert x86_64-apple-darwin17.5.0 file names to toolchain format
configure:4961: result: func_convert_file_noop
configure:4968: checking for /Applications/Xcode.app/Contents/Developer/Toolchains/XcodeDefault.xctoolchain/usr/bin/ld option to reload object files
configure:4975: result: -r
configure:5049: checking for objdump
configure:5065: found /usr/bin/objdump
configure:5076: result: objdump
configure:5108: checking how to recognize dependent libraries
configure:5308: result: pass_all
configure:5393: checking for dlltool
configure:5423: result: no
configure:5453: checking how to associate runtime and link libraries
configure:5480: result: printf %s\n
configure:5541: checking for ar
configure:5557: found /usr/bin/ar
configure:5568: result: ar
configure:5605: checking for archiver @FILE support
configure:5622: gcc -c -g -O2  conftest.c >&5
configure:5622: $? = 0
configure:5625: ar cru libconftest.a @conftest.lst >&5
ar: @conftest.lst: No such file or directory
configure:5628: $? = 1
configure:5648: result: no
configure:5706: checking for strip
configure:5722: found /usr/bin/strip
configure:5733: result: strip
configure:5805: checking for ranlib
configure:5821: found /usr/bin/ranlib
configure:5832: result: ranlib
configure:5934: checking command to parse /usr/bin/nm -B output from gcc object
configure:6087: gcc -c -g -O2  conftest.c >&5
configure:6090: $? = 0
configure:6094: /usr/bin/nm -B conftest.o \| sed -n -e 's/^.*[ ]\([BCDEGRST][BCDEGRST]*\)[ ][ ]*\([_A-Za-z][_A-Za-z0-9]*\)$/\1 \2 \2/p' | sed '/ __gnu_lto/d' \> conftest.nm
configure:6097: $? = 0
cannot find nm_test_var in conftest.nm
configure:6087: gcc -c -g -O2  conftest.c >&5
configure:6090: $? = 0
configure:6094: /usr/bin/nm -B conftest.o \| sed -n -e 's/^.*[ ]\([BCDEGRST][BCDEGRST]*\)[ ][ ]*_\([_A-Za-z][_A-Za-z0-9]*\)$/\1 _\2 \2/p' | sed '/ __gnu_lto/d' \> conftest.nm
configure:6097: $? = 0
configure:6163: gcc -o conftest -g -O2   conftest.c conftstm.o >&5
warning: (x86_64)  could not find object file symbol for symbol _main
configure:6166: $? = 0
configure:6204: result: ok
configure:6251: checking for sysroot
configure:6281: result: no
configure:6288: checking for a working dd
configure:6326: result: /bin/dd
configure:6330: checking how to truncate binary pipes
configure:6345: result: /bin/dd bs=4096 count=1
configure:6674: checking for mt
configure:6704: result: no
configure:6724: checking if : is a manifest tool
configure:6730: : '-?'
configure:6738: result: no
configure:6794: checking for dsymutil
configure:6810: found /usr/bin/dsymutil
configure:6821: result: dsymutil
configure:6886: checking for nmedit
configure:6902: found /usr/bin/nmedit
configure:6913: result: nmedit
configure:6978: checking for lipo
configure:6994: found /usr/bin/lipo
configure:7005: result: lipo
configure:7070: checking for otool
configure:7086: found /usr/bin/otool
configure:7097: result: otool
configure:7162: checking for otool64
configure:7192: result: no
configure:7237: checking for -single_module linker flag
gcc -g -O2  -o libconftest.dylib -dynamiclib -Wl,-single_module conftest.c
configure:7270: result: yes
configure:7273: checking for -exported_symbols_list linker flag
configure:7293: gcc -o conftest -g -O2   -Wl,-exported_symbols_list,conftest.sym conftest.c  >&5
configure:7293: $? = 0
configure:7303: result: yes
configure:7306: checking for -force_load linker flag
gcc -g -O2 -c -o conftest.o conftest.c
ar cru libconftest.a conftest.o
ranlib libconftest.a
gcc -g -O2  -o conftest conftest.c -Wl,-force_load,./libconftest.a
configure:7338: result: yes
configure:7415: checking how to run the C preprocessor
configure:7446: gcc -E  conftest.c
configure:7446: $? = 0
configure:7460: gcc -E  conftest.c
conftest.c:11:10: fatal error: 'ac_nonexistent.h' file not found
#include <ac_nonexistent.h>
         ^~~~~~~~~~~~~~~~~~
1 error generated.
configure:7460: $? = 1
configure: failed program was:
| /* confdefs.h */
| #define PACKAGE_NAME "FULL-PACKAGE-NAME"
| #define PACKAGE_TARNAME "full-package-name"
| #define PACKAGE_VERSION "VERSION"
| #define PACKAGE_STRING "FULL-PACKAGE-NAME VERSION"
| #define PACKAGE_BUGREPORT "BUG-REPORT-ADDRESS"
| #define PACKAGE_URL ""
| #define PACKAGE "pgnlib"
| #define VERSION "0.2.5"
| /* end confdefs.h.  */
| #include <ac_nonexistent.h>
configure:7485: result: gcc -E
configure:7505: gcc -E  conftest.c
configure:7505: $? = 0
configure:7519: gcc -E  conftest.c
conftest.c:11:10: fatal error: 'ac_nonexistent.h' file not found
#include <ac_nonexistent.h>
         ^~~~~~~~~~~~~~~~~~
1 error generated.
configure:7519: $? = 1
configure: failed program was:
| /* confdefs.h */
| #define PACKAGE_NAME "FULL-PACKAGE-NAME"
| #define PACKAGE_TARNAME "full-package-name"
| #define PACKAGE_VERSION "VERSION"
| #define PACKAGE_STRING "FULL-PACKAGE-NAME VERSION"
| #define PACKAGE_BUGREPORT "BUG-REPORT-ADDRESS"
| #define PACKAGE_URL ""
| #define PACKAGE "pgnlib"
| #define VERSION "0.2.5"
| /* end confdefs.h.  */
| #include <ac_nonexistent.h>
configure:7548: checking for ANSI C header files
configure:7568: gcc -c -g -O2  conftest.c >&5
configure:7568: $? = 0
configure:7641: gcc -o conftest -g -O2   conftest.c  >&5
configure:7641: $? = 0
configure:7641: ./conftest
configure:7641: $? = 0
configure:7652: result: yes
configure:7665: checking for sys/types.h
configure:7665: gcc -c -g -O2  conftest.c >&5
configure:7665: $? = 0
configure:7665: result: yes
configure:7665: checking for sys/stat.h
configure:7665: gcc -c -g -O2  conftest.c >&5
configure:7665: $? = 0
configure:7665: result: yes
configure:7665: checking for stdlib.h
configure:7665: gcc -c -g -O2  conftest.c >&5
configure:7665: $? = 0
configure:7665: result: yes
configure:7665: checking for string.h
configure:7665: gcc -c -g -O2  conftest.c >&5
configure:7665: $? = 0
configure:7665: result: yes
configure:7665: checking for memory.h
configure:7665: gcc -c -g -O2  conftest.c >&5
configure:7665: $? = 0
configure:7665: result: yes
configure:7665: checking for strings.h
configure:7665: gcc -c -g -O2  conftest.c >&5
configure:7665: $? = 0
configure:7665: result: yes
configure:7665: checking for inttypes.h
configure:7665: gcc -c -g -O2  conftest.c >&5
configure:7665: $? = 0
configure:7665: result: yes
configure:7665: checking for stdint.h
configure:7665: gcc -c -g -O2  conftest.c >&5
configure:7665: $? = 0
configure:7665: result: yes
configure:7665: checking for unistd.h
configure:7665: gcc -c -g -O2  conftest.c >&5
configure:7665: $? = 0
configure:7665: result: yes
configure:7679: checking for dlfcn.h
configure:7679: gcc -c -g -O2  conftest.c >&5
configure:7679: $? = 0
configure:7679: result: yes
configure:7935: checking for objdir
configure:7950: result: .libs
configure:8210: checking if gcc supports -fno-rtti -fno-exceptions
configure:8228: gcc -c -g -O2  -fno-rtti -fno-exceptions conftest.c >&5
configure:8232: $? = 0
configure:8245: result: yes
configure:8603: checking for gcc option to produce PIC
configure:8610: result: -fno-common -DPIC
configure:8618: checking if gcc PIC flag -fno-common -DPIC works
configure:8636: gcc -c -g -O2  -fno-common -DPIC -DPIC conftest.c >&5
configure:8640: $? = 0
configure:8653: result: yes
configure:8682: checking if gcc static flag -static works
configure:8710: result: no
configure:8725: checking if gcc supports -c -o file.o
configure:8746: gcc -c -g -O2  -o out/conftest2.o conftest.c >&5
configure:8750: $? = 0
configure:8772: result: yes
configure:8780: checking if gcc supports -c -o file.o
configure:8827: result: yes
configure:8860: checking whether the gcc linker (/Applications/Xcode.app/Contents/Developer/Toolchains/XcodeDefault.xctoolchain/usr/bin/ld) supports shared libraries
configure:10123: result: yes
configure:10363: checking dynamic linker characteristics
configure:11193: result: darwin17.5.0 dyld
configure:11315: checking how to hardcode library paths into programs
configure:11340: result: immediate
configure:11888: checking whether stripping libraries is possible
configure:11902: result: yes
configure:11928: checking if libtool supports shared libraries
configure:11930: result: yes
configure:11933: checking whether to build shared libraries
configure:11958: result: yes
configure:11961: checking whether to build static libraries
configure:11965: result: yes
configure:12063: checking for g++
configure:12079: found /usr/bin/g++
configure:12090: result: g++
configure:12117: checking for C++ compiler version
configure:12126: g++ --version >&5
Apple LLVM version 9.0.0 (clang-900.0.39.2)
Target: x86_64-apple-darwin17.5.0
Thread model: posix
InstalledDir: /Applications/Xcode.app/Contents/Developer/Toolchains/XcodeDefault.xctoolchain/usr/bin
Configured with: --prefix=/Applications/Xcode.app/Contents/Developer/usr --with-gxx-include-dir=/usr/include/c++/4.2.1
configure:12137: $? = 0
configure:12126: g++ -v >&5
Configured with: --prefix=/Applications/Xcode.app/Contents/Developer/usr --with-gxx-include-dir=/usr/include/c++/4.2.1
Apple LLVM version 9.0.0 (clang-900.0.39.2)
Target: x86_64-apple-darwin17.5.0
Thread model: posix
InstalledDir: /Applications/Xcode.app/Contents/Developer/Toolchains/XcodeDefault.xctoolchain/usr/bin
configure:12137: $? = 0
configure:12126: g++ -V >&5
clang: error: argument to '-V' is missing (expected 1 value)
clang: error: no input files
configure:12137: $? = 1
configure:12126: g++ -qversion >&5
clang: error: unknown argument: '-qversion'
clang: error: no input files
configure:12137: $? = 1
configure:12141: checking whether we are using the GNU C++ compiler
configure:12160: g++ -c   conftest.cpp >&5
configure:12160: $? = 0
configure:12169: result: yes
configure:12178: checking whether g++ accepts -g
configure:12198: g++ -c -g  conftest.cpp >&5
configure:12198: $? = 0
configure:12239: result: yes
configure:12264: checking dependency style of g++
configure:12375: result: gcc3
configure:12408: checking how to run the C++ preprocessor
configure:12435: g++ -E  conftest.cpp
configure:12435: $? = 0
configure:12449: g++ -E  conftest.cpp
conftest.cpp:23:10: fatal error: 'ac_nonexistent.h' file not found
#include <ac_nonexistent.h>
         ^~~~~~~~~~~~~~~~~~
1 error generated.
configure:12449: $? = 1
configure: failed program was:
| /* confdefs.h */
| #define PACKAGE_NAME "FULL-PACKAGE-NAME"
| #define PACKAGE_TARNAME "full-package-name"
| #define PACKAGE_VERSION "VERSION"
| #define PACKAGE_STRING "FULL-PACKAGE-NAME VERSION"
| #define PACKAGE_BUGREPORT "BUG-REPORT-ADDRESS"
| #define PACKAGE_URL ""
| #define PACKAGE "pgnlib"
| #define VERSION "0.2.5"
| #define STDC_HEADERS 1
| #define HAVE_SYS_TYPES_H 1
| #define HAVE_SYS_STAT_H 1
| #define HAVE_STDLIB_H 1
| #define HAVE_STRING_H 1
| #define HAVE_MEMORY_H 1
| #define HAVE_STRINGS_H 1
| #define HAVE_INTTYPES_H 1
| #define HAVE_STDINT_H 1
| #define HAVE_UNISTD_H 1
| #define HAVE_DLFCN_H 1
| #define LT_OBJDIR ".libs/"
| /* end confdefs.h.  */
| #include <ac_nonexistent.h>
configure:12474: result: g++ -E
configure:12494: g++ -E  conftest.cpp
configure:12494: $? = 0
configure:12508: g++ -E  conftest.cpp
conftest.cpp:23:10: fatal error: 'ac_nonexistent.h' file not found
#include <ac_nonexistent.h>
         ^~~~~~~~~~~~~~~~~~
1 error generated.
configure:12508: $? = 1
configure: failed program was:
| /* confdefs.h */
| #define PACKAGE_NAME "FULL-PACKAGE-NAME"
| #define PACKAGE_TARNAME "full-package-name"
| #define PACKAGE_VERSION "VERSION"
| #define PACKAGE_STRING "FULL-PACKAGE-NAME VERSION"
| #define PACKAGE_BUGREPORT "BUG-REPORT-ADDRESS"
| #define PACKAGE_URL ""
| #define PACKAGE "pgnlib"
| #define VERSION "0.2.5"
| #define STDC_HEADERS 1
| #define HAVE_SYS_TYPES_H 1
| #define HAVE_SYS_STAT_H 1
| #define HAVE_STDLIB_H 1
| #define HAVE_STRING_H 1
| #define HAVE_MEMORY_H 1
| #define HAVE_STRINGS_H 1
| #define HAVE_INTTYPES_H 1
| #define HAVE_STDINT_H 1
| #define HAVE_UNISTD_H 1
| #define HAVE_DLFCN_H 1
| #define LT_OBJDIR ".libs/"
| /* end confdefs.h.  */
| #include <ac_nonexistent.h>
configure:12670: checking for ld used by g++
configure:12737: result: /Applications/Xcode.app/Contents/Developer/Toolchains/XcodeDefault.xctoolchain/usr/bin/ld
configure:12744: checking if the linker (/Applications/Xcode.app/Contents/Developer/Toolchains/XcodeDefault.xctoolchain/usr/bin/ld) is GNU ld
configure:12759: result: no
configure:12814: checking whether the g++ linker (/Applications/Xcode.app/Contents/Developer/Toolchains/XcodeDefault.xctoolchain/usr/bin/ld) supports shared libraries
configure:13887: result: yes
configure:13923: g++ -c -g -O2  conftest.cpp >&5
configure:13926: $? = 0
configure:14407: checking for g++ option to produce PIC
configure:14414: result: -fno-common -DPIC
configure:14422: checking if g++ PIC flag -fno-common -DPIC works
configure:14440: g++ -c -g -O2  -fno-common -DPIC -DPIC conftest.cpp >&5
configure:14444: $? = 0
configure:14457: result: yes
configure:14480: checking if g++ static flag -static works
configure:14508: result: no
configure:14520: checking if g++ supports -c -o file.o
configure:14541: g++ -c -g -O2  -o out/conftest2.o conftest.cpp >&5
configure:14545: $? = 0
configure:14567: result: yes
configure:14572: checking if g++ supports -c -o file.o
configure:14619: result: yes
configure:14649: checking whether the g++ linker (/Applications/Xcode.app/Contents/Developer/Toolchains/XcodeDefault.xctoolchain/usr/bin/ld) supports shared libraries
configure:14692: result: yes
configure:14833: checking dynamic linker characteristics
configure:15590: result: darwin17.5.0 dyld
configure:15655: checking how to hardcode library paths into programs
configure:15680: result: immediate
configure:15768: checking for gcc
configure:15795: result: gcc
configure:16024: checking for C compiler version
configure:16033: gcc --version >&5
Apple LLVM version 9.0.0 (clang-900.0.39.2)
Target: x86_64-apple-darwin17.5.0
Thread model: posix
InstalledDir: /Applications/Xcode.app/Contents/Developer/Toolchains/XcodeDefault.xctoolchain/usr/bin
Configured with: --prefix=/Applications/Xcode.app/Contents/Developer/usr --with-gxx-include-dir=/usr/include/c++/4.2.1
configure:16044: $? = 0
configure:16033: gcc -v >&5
Configured with: --prefix=/Applications/Xcode.app/Contents/Developer/usr --with-gxx-include-dir=/usr/include/c++/4.2.1
Apple LLVM version 9.0.0 (clang-900.0.39.2)
Target: x86_64-apple-darwin17.5.0
Thread model: posix
InstalledDir: /Applications/Xcode.app/Contents/Developer/Toolchains/XcodeDefault.xctoolchain/usr/bin
configure:16044: $? = 0
configure:16033: gcc -V >&5
clang: error: argument to '-V' is missing (expected 1 value)
clang: error: no input files
configure:16044: $? = 1
configure:16033: gcc -qversion >&5
clang: error: unknown argument: '-qversion'
clang: error: no input files
configure:16044: $? = 1
configure:16048: checking whether we are using the GNU C compiler
configure:16076: result: yes
configure:16085: checking whether gcc accepts -g
configure:16146: result: yes
configure:16163: checking for gcc option to accept ISO C89
configure:16239: result: none needed
configure:16264: checking whether gcc understands -c and -o together
configure:16301: result: yes
configure:16320: checking dependency style of gcc
configure:16431: result: gcc3
configure:16565: checking that generated files are newer than configure
configure:16571: result: done
configure:16602: creating ./config.status

## ---------------------- ##
## Running config.status. ##
## ---------------------- ##

This file was extended by FULL-PACKAGE-NAME config.status VERSION, which was
generated by GNU Autoconf 2.69.  Invocation command line was

  CONFIG_FILES    = 
  CONFIG_HEADERS  = 
  CONFIG_LINKS    = 
  CONFIG_COMMANDS = 
  $ ./config.status 

on Thomas-MacBook-Pro.local

config.status:1144: creating Makefile
config.status:1144: creating config.h
config.status:1373: executing depfiles commands
config.status:1373: executing libtool commands

## ---------------- ##
## Cache variables. ##
## ---------------- ##

ac_cv_build=x86_64-apple-darwin17.5.0
ac_cv_c_compiler_gnu=yes
ac_cv_cxx_compiler_gnu=yes
ac_cv_env_CCC_set=
ac_cv_env_CCC_value=
ac_cv_env_CC_set=
ac_cv_env_CC_value=
ac_cv_env_CFLAGS_set=
ac_cv_env_CFLAGS_value=
ac_cv_env_CPPFLAGS_set=
ac_cv_env_CPPFLAGS_value=
ac_cv_env_CPP_set=
ac_cv_env_CPP_value=
ac_cv_env_CXXCPP_set=
ac_cv_env_CXXCPP_value=
ac_cv_env_CXXFLAGS_set=
ac_cv_env_CXXFLAGS_value=
ac_cv_env_CXX_set=
ac_cv_env_CXX_value=
ac_cv_env_LDFLAGS_set=
ac_cv_env_LDFLAGS_value=
ac_cv_env_LIBS_set=
ac_cv_env_LIBS_value=
ac_cv_env_LT_SYS_LIBRARY_PATH_set=
ac_cv_env_LT_SYS_LIBRARY_PATH_value=
ac_cv_env_build_alias_set=
ac_cv_env_build_alias_value=
ac_cv_env_host_alias_set=
ac_cv_env_host_alias_value=
ac_cv_env_target_alias_set=
ac_cv_env_target_alias_value=
ac_cv_header_dlfcn_h=yes
ac_cv_header_inttypes_h=yes
ac_cv_header_memory_h=yes
ac_cv_header_stdc=yes
ac_cv_header_stdint_h=yes
ac_cv_header_stdlib_h=yes
ac_cv_header_string_h=yes
ac_cv_header_strings_h=yes
ac_cv_header_sys_stat_h=yes
ac_cv_header_sys_types_h=yes
ac_cv_header_unistd_h=yes
ac_cv_host=x86_64-apple-darwin17.5.0
ac_cv_objext=o
ac_cv_path_EGREP='/usr/bin/grep -E'
ac_cv_path_FGREP='/usr/bin/grep -F'
ac_cv_path_GREP=/usr/bin/grep
ac_cv_path_SED=/usr/bin/sed
ac_cv_path_install='/usr/local/bin/ginstall -c'
ac_cv_path_lt_DD=/bin/dd
ac_cv_path_mkdir=/usr/local/bin/gmkdir
ac_cv_prog_AWK=awk
ac_cv_prog_CPP='gcc -E'
ac_cv_prog_CXXCPP='g++ -E'
ac_cv_prog_ac_ct_AR=ar
ac_cv_prog_ac_ct_CC=gcc
ac_cv_prog_ac_ct_CXX=g++
ac_cv_prog_ac_ct_DSYMUTIL=dsymutil
ac_cv_prog_ac_ct_LIPO=lipo
ac_cv_prog_ac_ct_NMEDIT=nmedit
ac_cv_prog_ac_ct_OBJDUMP=objdump
ac_cv_prog_ac_ct_OTOOL=otool
ac_cv_prog_ac_ct_RANLIB=ranlib
ac_cv_prog_ac_ct_STRIP=strip
ac_cv_prog_cc_c89=
ac_cv_prog_cc_g=yes
ac_cv_prog_cxx_g=yes
ac_cv_prog_make_make_set=yes
am_cv_CC_dependencies_compiler_type=gcc3
am_cv_CXX_dependencies_compiler_type=gcc3
am_cv_make_support_nested_variables=yes
am_cv_prog_cc_c_o=yes
lt_cv_apple_cc_single_mod=yes
lt_cv_ar_at_file=no
lt_cv_deplibs_check_method=pass_all
lt_cv_file_magic_cmd='$MAGIC_CMD'
lt_cv_file_magic_test_file=
lt_cv_ld_exported_symbols_list=yes
lt_cv_ld_force_load=yes
lt_cv_ld_reload_flag=-r
lt_cv_nm_interface='BSD nm'
lt_cv_objdir=.libs
lt_cv_path_LD=/Applications/Xcode.app/Contents/Developer/Toolchains/XcodeDefault.xctoolchain/usr/bin/ld
lt_cv_path_LDCXX=/Applications/Xcode.app/Contents/Developer/Toolchains/XcodeDefault.xctoolchain/usr/bin/ld
lt_cv_path_NM='/usr/bin/nm -B'
lt_cv_path_mainfest_tool=no
lt_cv_prog_compiler_c_o=yes
lt_cv_prog_compiler_c_o_CXX=yes
lt_cv_prog_compiler_pic='-fno-common -DPIC'
lt_cv_prog_compiler_pic_CXX='-fno-common -DPIC'
lt_cv_prog_compiler_pic_works=yes
lt_cv_prog_compiler_pic_works_CXX=yes
lt_cv_prog_compiler_rtti_exceptions=yes
lt_cv_prog_compiler_static_works=no
lt_cv_prog_compiler_static_works_CXX=no
lt_cv_prog_gnu_ld=no
lt_cv_prog_gnu_ldcxx=no
lt_cv_sharedlib_from_linklib_cmd='printf %s\n'
lt_cv_sys_global_symbol_pipe='sed -n -e '\''s/^.*[	 ]\([BCDEGRST][BCDEGRST]*\)[	 ][	 ]*_\([_A-Za-z][_A-Za-z0-9]*\)$/\1 _\2 \2/p'\'' | sed '\''/ __gnu_lto/d'\'''
lt_cv_sys_global_symbol_to_c_name_address='sed -n -e '\''s/^: \(.*\) .*$/  {"\1", (void *) 0},/p'\'' -e '\''s/^[BCDEGRST][BCDEGRST]* .* \(.*\)$/  {"\1", (void *) \&\1},/p'\'''
lt_cv_sys_global_symbol_to_c_name_address_lib_prefix='sed -n -e '\''s/^: \(.*\) .*$/  {"\1", (void *) 0},/p'\'' -e '\''s/^[BCDEGRST][BCDEGRST]* .* \(lib.*\)$/  {"\1", (void *) \&\1},/p'\'' -e '\''s/^[BCDEGRST][BCDEGRST]* .* \(.*\)$/  {"lib\1", (void *) \&\1},/p'\'''
lt_cv_sys_global_symbol_to_cdecl='sed -n -e '\''s/^T .* \(.*\)$/extern int \1();/p'\'' -e '\''s/^[BCDEGRST][BCDEGRST]* .* \(.*\)$/extern char \1;/p'\'''
lt_cv_sys_global_symbol_to_import=
lt_cv_sys_max_cmd_len=196608
lt_cv_to_host_file_cmd=func_convert_file_noop
lt_cv_to_tool_file_cmd=func_convert_file_noop
lt_cv_truncate_bin='/bin/dd bs=4096 count=1'

## ----------------- ##
## Output variables. ##
## ----------------- ##

ACLOCAL='${SHELL} /Users/thomas/School/CS/126/final-project-thomashhuang/lib/pgnlib-0.2.5/missing aclocal-1.15'
AMDEPBACKSLASH='\'
AMDEP_FALSE='#'
AMDEP_TRUE=''
AMTAR='$${TAR-tar}'
AM_BACKSLASH='\'
AM_DEFAULT_V='$(AM_DEFAULT_VERBOSITY)'
AM_DEFAULT_VERBOSITY='1'
AM_V='$(V)'
AR='ar'
AUTOCONF='${SHELL} /Users/thomas/School/CS/126/final-project-thomashhuang/lib/pgnlib-0.2.5/missing autoconf'
AUTOHEADER='${SHELL} /Users/thomas/School/CS/126/final-project-thomashhuang/lib/pgnlib-0.2.5/missing autoheader'
AUTOMAKE='${SHELL} /Users/thomas/School/CS/126/final-project-thomashhuang/lib/pgnlib-0.2.5/missing automake-1.15'
AWK='awk'
CC='gcc'
CCDEPMODE='depmode=gcc3'
CFLAGS='-g -O2'
CPP='gcc -E'
CPPFLAGS=''
CXX='g++'
CXXCPP='g++ -E'
CXXDEPMODE='depmode=gcc3'
CXXFLAGS='-g -O2'
CYGPATH_W='echo'
DEFS='-DHAVE_CONFIG_H'
DEPDIR='.deps'
DLLTOOL='false'
DSYMUTIL='dsymutil'
DUMPBIN=''
ECHO_C='\c'
ECHO_N=''
ECHO_T=''
EGREP='/usr/bin/grep -E'
EXEEXT=''
FGREP='/usr/bin/grep -F'
GREP='/usr/bin/grep'
INSTALL_DATA='${INSTALL} -m 644'
INSTALL_PROGRAM='${INSTALL}'
INSTALL_SCRIPT='${INSTALL}'
INSTALL_STRIP_PROGRAM='$(install_sh) -c -s'
LD='/Applications/Xcode.app/Contents/Developer/Toolchains/XcodeDefault.xctoolchain/usr/bin/ld'
LDFLAGS=''
LIBOBJS=''
LIBS=''
LIBTOOL='$(SHELL) $(top_builddir)/libtool'
LIPO='lipo'
LN_S='ln -s'
LTLIBOBJS=''
LT_SYS_LIBRARY_PATH=''
MAKEINFO='${SHELL} /Users/thomas/School/CS/126/final-project-thomashhuang/lib/pgnlib-0.2.5/missing makeinfo'
MANIFEST_TOOL=':'
MKDIR_P='/usr/local/bin/gmkdir -p'
NM='/usr/bin/nm -B'
NMEDIT='nmedit'
OBJDUMP='objdump'
OBJEXT='o'
OTOOL64=':'
OTOOL='otool'
PACKAGE='pgnlib'
PACKAGE_BUGREPORT='BUG-REPORT-ADDRESS'
PACKAGE_NAME='FULL-PACKAGE-NAME'
PACKAGE_STRING='FULL-PACKAGE-NAME VERSION'
PACKAGE_TARNAME='full-package-name'
PACKAGE_URL=''
PACKAGE_VERSION='VERSION'
PATH_SEPARATOR=':'
RANLIB='ranlib'
SED='/usr/bin/sed'
SET_MAKE=''
SHELL='/bin/sh'
STRIP='strip'
VERSION='0.2.5'
ac_ct_AR='ar'
ac_ct_CC='gcc'
ac_ct_CXX='g++'
ac_ct_DUMPBIN=''
am__EXEEXT_FALSE=''
am__EXEEXT_TRUE='#'
am__fastdepCC_FALSE='#'
am__fastdepCC_TRUE=''
am__fastdepCXX_FALSE='#'
am__fastdepCXX_TRUE=''
am__include='include'
am__isrc=''
am__leading_dot='.'
am__nodep='_no'
am__quote=''
am__tar='$${TAR-tar} chof - "$$tardir"'
am__untar='$${TAR-tar} xf -'
bindir='${exec_prefix}/bin'
build='x86_64-apple-darwin17.5.0'
build_alias=''
build_cpu='x86_64'
build_os='darwin17.5.0'
build_vendor='apple'
datadir='${datarootdir}'
datarootdir='${prefix}/share'
docdir='${datarootdir}/doc/${PACKAGE_TARNAME}'
dvidir='${docdir}'
exec_prefix='${prefix}'
host='x86_64-apple-darwin17.5.0'
host_alias=''
host_cpu='x86_64'
host_os='darwin17.5.0'
host_vendor='apple'
htmldir='${docdir}'
includedir='${prefix}/include'
infodir='${datarootdir}/info'
install_sh='${SHELL} /Users/thomas/School/CS/126/final-project-thomashhuang/lib/pgnlib-0.2.5/install-sh'
libdir='${exec_prefix}/lib'
libexecdir='${exec_prefix}/libexec'
localedir='${datarootdir}/locale'
localstatedir='${prefix}/var'
mandir='${datarootdir}/man'
mkdir_p='$(MKDIR_P)'
oldincludedir='/usr/include'
pdfdir='${docdir}'
prefix='/usr/local'
program_transform_name='s,x,x,'
psdir='${docdir}'
runstatedir='${localstatedir}/run'
sbindir='${exec_prefix}/sbin'
sharedstatedir='${prefix}/com'
sysconfdir='${prefix}/etc'
target_alias=''

## ----------- ##
## confdefs.h. ##
## ----------- ##

/* confdefs.h */
#define PACKAGE_NAME "FULL-PACKAGE-NAME"
#define PACKAGE_TARNAME "full-package-name"
#define PACKAGE_VERSION "VERSION"
#define PACKAGE_STRING "FULL-PACKAGE-NAME VERSION"
#define PACKAGE_BUGREPORT "BUG-REPORT-ADDRESS"
#define PACKAGE_URL ""
#define PACKAGE "pgnlib"
#define VERSION "0.2.5"
#define STDC_HEADERS 1
#define HAVE_SYS_TYPES_H 1
#define HAVE_SYS_STAT_H 1
#define HAVE_STDLIB_H 1
#define HAVE_STRING_H 1
#define HAVE_MEMORY_H 1
#define HAVE_STRINGS_H 1
#define HAVE_INTTYPES_H 1
#define HAVE_STDINT_H 1
#define HAVE_UNISTD_H 1
#define HAVE_DLFCN_H 1
#define LT_OBJDIR ".libs/"

configure: exit 0
